variableList = {
    "CASE:??????                    = CASE",
    "first:?                        = first_run",
    "DuctedFan.switchDes:?????????  = switchDes",
    "solver.converged:??            = Conv",
    "solver.iterationCounter:???    = Iter",

    "DuctedFan.Amb.alt:??????.??            = Alt[ft]", 
    "DuctedFan.Amb.MN:?.??                  = MN", 
    "DuctedFan.Amb.VTAS:???.??              = VTAS[m/s]@m/sec",
    "DuctedFan.Vjet:???.??                  = Vjet[m/s]",
    "DuctedFan.Fn_N:???????.???             = Fn[N]",
    "Fn_target     :???????.???             = Fn_target[N]",
    "DuctedFan.ShP_W/(-1000):?????.????     = Pfan[kW]",
    "DuctedFan.Fan.PR:?.???                 = FPR",
    "DuctedFan.mdot:???.???                 = mdotin[kg/s]",
    "DuctedFan.Fan.dia:???.??               = Dfan[in]",
    "DuctedFan.Fan.dia:?.???                = Dfan[m]@m", 
    "DuctedFan.Fan.S_map.s_effDes:?????.??? = s_eff",
    "DuctedFan.Fan.S_map.s_PRdes:?????.???  = s_PR",
    "DuctedFan.Fan.S_map.s_WcDes:?????.???  = s_Wc",
    "DuctedFan.Fan.S_map.s_NcDes:?????.???  = s_Nc"

}